<?xml version="1.0" encoding="UTF-8"?>
<!-- Generated by org.testng.reporters.JUnitXMLReporter -->
<testsuite ignored="0" hostname="DESKTOP-S1Q52PL" failures="0" tests="3" name="Test" time="26.121" errors="0" timestamp="2023-06-21T22:38:49 IST">
  <testcase classname="TestCasefolder.TC001_Submit" name="submitForm1" time="4.279"/>
  <testcase classname="TestCasefolder.TC002_DDT" name="submitForm2" time="4.428"/>
  <testcase classname="TestCasefolder.TC002_DDT" name="submitForm2" time="2.754"/>
</testsuite> <!-- Test -->
