<?xml version="1.0" encoding="UTF-8"?>
<testng-results ignored="0" total="3" passed="3" failed="0" skipped="0">
  <reporter-output>
  </reporter-output>
  <suite started-at="2023-06-21T22:38:22 IST" name="Suite" finished-at="2023-06-21T22:38:48 IST" duration-ms="26121">
    <groups>
    </groups>
    <test started-at="2023-06-21T22:38:22 IST" name="Test" finished-at="2023-06-21T22:38:48 IST" duration-ms="26121">
      <class name="TestCasefolder.TC001_Submit">
        <test-method is-config="true" signature="chromeDriver()[pri:0, instance:TestCasefolder.TC001_Submit@4facf68f]" started-at="2023-06-21T22:38:22 IST" name="chromeDriver" finished-at="2023-06-21T22:38:29 IST" duration-ms="6345" status="PASS">
          <reporter-output>
          </reporter-output>
        </test-method> <!-- chromeDriver -->
        <test-method signature="submitForm1()[pri:0, instance:TestCasefolder.TC001_Submit@4facf68f]" started-at="2023-06-21T22:38:29 IST" name="submitForm1" finished-at="2023-06-21T22:38:33 IST" duration-ms="4279" status="PASS">
          <reporter-output>
          </reporter-output>
        </test-method> <!-- submitForm1 -->
        <test-method is-config="true" signature="tearDown()[pri:0, instance:TestCasefolder.TC001_Submit@4facf68f]" started-at="2023-06-21T22:38:33 IST" name="tearDown" finished-at="2023-06-21T22:38:34 IST" duration-ms="515" status="PASS">
          <reporter-output>
          </reporter-output>
        </test-method> <!-- tearDown -->
      </class> <!-- TestCasefolder.TC001_Submit -->
      <class name="TestCasefolder.TC002_DDT">
        <test-method is-config="true" signature="chromeDriver()[pri:0, instance:TestCasefolder.TC002_DDT@39529185]" started-at="2023-06-21T22:38:34 IST" name="chromeDriver" finished-at="2023-06-21T22:38:36 IST" duration-ms="2603" status="PASS">
          <reporter-output>
          </reporter-output>
        </test-method> <!-- chromeDriver -->
        <test-method signature="submitForm2(java.lang.String,java.lang.String,java.lang.String,java.lang.String)[pri:0, instance:TestCasefolder.TC002_DDT@39529185]" started-at="2023-06-21T22:38:41 IST" name="submitForm2" data-provider="getLeadData" finished-at="2023-06-21T22:38:45 IST" duration-ms="4428" status="PASS">
          <params>
            <param index="0">
              <value>
                <![CDATA[Shubham]]>
              </value>
            </param>
            <param index="1">
              <value>
                <![CDATA[Salunkhe]]>
              </value>
            </param>
            <param index="2">
              <value>
                <![CDATA[shubham@gmail.com]]>
              </value>
            </param>
            <param index="3">
              <value>
                <![CDATA[Hi, I am Shubham]]>
              </value>
            </param>
          </params>
          <reporter-output>
          </reporter-output>
        </test-method> <!-- submitForm2 -->
        <test-method signature="submitForm2(java.lang.String,java.lang.String,java.lang.String,java.lang.String)[pri:0, instance:TestCasefolder.TC002_DDT@39529185]" started-at="2023-06-21T22:38:45 IST" name="submitForm2" data-provider="getLeadData" finished-at="2023-06-21T22:38:48 IST" duration-ms="2754" status="PASS">
          <params>
            <param index="0">
              <value>
                <![CDATA[Siddhesh ]]>
              </value>
            </param>
            <param index="1">
              <value>
                <![CDATA[Veer]]>
              </value>
            </param>
            <param index="2">
              <value>
                <![CDATA[siddhesh@gmail.com]]>
              </value>
            </param>
            <param index="3">
              <value>
                <![CDATA[Hi, I am Siddhesh]]>
              </value>
            </param>
          </params>
          <reporter-output>
          </reporter-output>
        </test-method> <!-- submitForm2 -->
        <test-method is-config="true" signature="tearDown()[pri:0, instance:TestCasefolder.TC002_DDT@39529185]" started-at="2023-06-21T22:38:48 IST" name="tearDown" finished-at="2023-06-21T22:38:48 IST" duration-ms="518" status="PASS">
          <reporter-output>
          </reporter-output>
        </test-method> <!-- tearDown -->
      </class> <!-- TestCasefolder.TC002_DDT -->
    </test> <!-- Test -->
  </suite> <!-- Suite -->
</testng-results>
